E:\CIVA-Z\MYFIRST\OPENCV\OPENCV\OPENCV\DEBUG\COLUMN.OBJ
E:\CIVA-Z\MYFIRST\OPENCV\OPENCV\OPENCV\DEBUG\MAIN.OBJ
E:\CIVA-Z\MYFIRST\OPENCV\OPENCV\OPENCV\DEBUG\VC110.PDB
E:\CIVA-Z\MYFIRST\OPENCV\OPENCV\DEBUG\OPENCV.ILK
E:\CIVA-Z\MYFIRST\OPENCV\OPENCV\DEBUG\OPENCV.EXE
E:\CIVA-Z\MYFIRST\OPENCV\OPENCV\DEBUG\OPENCV.PDB
E:\civa-z\myFirst\opencv\opencv\opencv\Debug\column.obj
E:\civa-z\myFirst\opencv\opencv\opencv\Debug\main.obj
E:\civa-z\myFirst\opencv\opencv\opencv\Debug\cl.command.1.tlog
E:\civa-z\myFirst\opencv\opencv\opencv\Debug\CL.read.1.tlog
E:\civa-z\myFirst\opencv\opencv\opencv\Debug\CL.write.1.tlog
E:\civa-z\myFirst\opencv\opencv\opencv\Debug\link-cvtres.read.1.tlog
E:\civa-z\myFirst\opencv\opencv\opencv\Debug\link-cvtres.write.1.tlog
E:\civa-z\myFirst\opencv\opencv\opencv\Debug\link-rc.read.1.tlog
E:\civa-z\myFirst\opencv\opencv\opencv\Debug\link-rc.write.1.tlog
E:\civa-z\myFirst\opencv\opencv\opencv\Debug\link.command.1.tlog
E:\civa-z\myFirst\opencv\opencv\opencv\Debug\link.read.1.tlog
E:\civa-z\myFirst\opencv\opencv\opencv\Debug\link.write.1.tlog
E:\civa-z\myFirst\opencv\opencv\opencv\Debug\vc110.idb
E:\civa-z\myFirst\opencv\opencv\opencv\Debug\vc110.pdb
E:\civa-z\myFirst\opencv\opencv\Debug\opencv.pdb
E:\civa-z\myFirst\opencv\opencv\Debug\opencv.exe
E:\civa-z\myFirst\opencv\opencv\Debug\opencv.ilk
